<?xml version="1.0" encoding="UTF-8"?>
<testng-results skipped="0" failed="0" ignored="0" total="1" passed="1">
  <reporter-output>
  </reporter-output>
  <suite name="Default suite" duration-ms="2390" started-at="2019-05-25T06:02:44Z" finished-at="2019-05-25T06:02:47Z">
    <groups>
    </groups>
    <test name="Default test" duration-ms="2390" started-at="2019-05-25T06:02:44Z" finished-at="2019-05-25T06:02:47Z">
      <class name="RestAssuredTest.Delete_Employee">
        <test-method status="PASS" signature="CreateEmployee()[pri:0, instance:RestAssuredTest.Delete_Employee@1593948d]" name="CreateEmployee" duration-ms="2356" started-at="2019-05-25T06:02:44Z" finished-at="2019-05-25T06:02:47Z">
          <reporter-output>
          </reporter-output>
        </test-method> <!-- CreateEmployee -->
      </class> <!-- RestAssuredTest.Delete_Employee -->
    </test> <!-- Default test -->
  </suite> <!-- Default suite -->
</testng-results>
