<?xml version="1.0" encoding="UTF-8"?>
<testng-results skipped="0" failed="0" total="1" passed="1">
  <reporter-output>
  </reporter-output>
  <suite name="Default suite" duration-ms="6038" started-at="2019-05-22T20:46:09Z" finished-at="2019-05-22T20:46:15Z">
    <groups>
    </groups>
    <test name="Default test" duration-ms="6038" started-at="2019-05-22T20:46:09Z" finished-at="2019-05-22T20:46:15Z">
      <class name="Test.CalculatorClass">
        <test-method status="PASS" signature="setup()[pri:0, instance:Test.CalculatorClass@5cb137]" name="setup" is-config="true" duration-ms="3964" started-at="2019-05-23T02:16:09Z" finished-at="2019-05-23T02:16:13Z">
          <reporter-output>
          </reporter-output>
        </test-method> <!-- setup -->
        <test-method status="PASS" signature="testCalc()[pri:0, instance:Test.CalculatorClass@5cb137]" name="testCalc" duration-ms="2040" started-at="2019-05-23T02:16:13Z" finished-at="2019-05-23T02:16:15Z">
          <reporter-output>
          </reporter-output>
        </test-method> <!-- testCalc -->
      </class> <!-- Test.CalculatorClass -->
    </test> <!-- Default test -->
  </suite> <!-- Default suite -->
</testng-results>
