<?xml version="1.0" encoding="UTF-8"?>
<testng-results skipped="0" failed="0" total="1" passed="1">
  <reporter-output>
  </reporter-output>
  <suite name="Default suite" duration-ms="14567" started-at="2019-05-24T23:48:02Z" finished-at="2019-05-24T23:48:17Z">
    <groups>
    </groups>
    <test name="Default test" duration-ms="14567" started-at="2019-05-24T23:48:02Z" finished-at="2019-05-24T23:48:17Z">
      <class name="CalculatorPkg.CalculatorClass">
        <test-method status="PASS" signature="setup()[pri:0, instance:CalculatorPkg.CalculatorClass@19c0f4a]" name="setup" is-config="true" duration-ms="11600" started-at="2019-05-25T05:18:02Z" finished-at="2019-05-25T05:18:14Z">
          <reporter-output>
          </reporter-output>
        </test-method> <!-- setup -->
        <test-method status="PASS" signature="testCalc()[pri:0, instance:CalculatorPkg.CalculatorClass@19c0f4a]" name="testCalc" duration-ms="2940" started-at="2019-05-25T05:18:14Z" finished-at="2019-05-25T05:18:17Z">
          <reporter-output>
          </reporter-output>
        </test-method> <!-- testCalc -->
      </class> <!-- CalculatorPkg.CalculatorClass -->
    </test> <!-- Default test -->
  </suite> <!-- Default suite -->
</testng-results>
